Line: 1/15
Data              UCLAsource
Weighters              binar
Normalizers            origN
Featurizers             Orig
Selectors      var_threshold
Scalers               minmax
Classifiers               LR
Name: 0, dtype: object
Got Features: 34.586 sec
Scoring: roc_auc
Grid Search: 29.74 sec
Grid Search Results: {'grid_roc_auc_best_params': "{'penalty': 'l1', 'C': 0.5, 'max_iter': 100}", 'grid_roc_auc_mean': 0.5530141843971631, 'grid_roc_auc_std': 0.10820266986403777}
Got Scores: 71.468 sec
Scores mean: 0.549129046968
Scores std: 0.0320343275948
Scores: [0.46853625170998636, 0.52918376652986776, 0.49794801641586867, 0.55608755129958953, 0.53283173734610123, 0.58914728682170536, 0.58116735066119474, 0.5738714090287278, 0.58299133606931142, 0.53830369357045149, 0.55061559507523938, 0.55973552211582311, 0.60077519379844957, 0.54445964432284533, 0.55973552211582311, 0.51139990880072961, 0.51504787961696308, 0.54081167350661197, 0.54445964432284533, 0.52667578659370728, 0.56771545827633374, 0.57751937984496116, 0.56406748746010038, 0.52485180118559049, 0.53465572275421791, 0.58116735066119474, 0.54810761513907891, 0.53830369357045149, 0.58732330141358868, 0.51687186502507987, 0.52485180118559049, 0.53283173734610123, 0.53032375740994075, 0.61240310077519378, 0.52485180118559049, 0.5230278157774737, 0.55973552211582311, 0.62220702234382119, 0.51687186502507987, 0.59097127222982215, 0.5738714090287278, 0.55243958048335617, 0.5230278157774737, 0.58732330141358868, 0.48814409484724119, 0.56224350205198359, 0.59279525763793894, 0.52485180118559049, 0.51504787961696308, 0.55426356589147285]

Line: 2/15
Data              UCLAsource
Weighters              binar
Normalizers            origN
Featurizers                0
Selectors      var_threshold
Scalers               minmax
Classifiers               LR
Name: 1, dtype: object
Got Features: 17.55 sec
Scoring: roc_auc
Grid Search: 43.16 sec
Grid Search Results: {'grid_roc_auc_best_params': "{'penalty': 'l1', 'C': 0.2, 'max_iter': 50}", 'grid_roc_auc_mean': 0.64663120567375887, 'grid_roc_auc_std': 0.14123274779542666}
Got Scores: 129.849 sec
Scores mean: 0.51218878249
Scores std: 0.00943352861216
Scores: [0.51162790697674421, 0.52325581395348841, 0.52325581395348841, 0.52325581395348841, 0.51162790697674421, 0.51162790697674421, 0.51162790697674421, 0.51162790697674421, 0.50182398540811679, 0.52325581395348841, 0.51162790697674421, 0.51162790697674421, 0.49019607843137253, 0.5, 0.5, 0.5, 0.51162790697674421, 0.51345189238486089, 0.5, 0.53488372093023262, 0.51162790697674421, 0.51162790697674421, 0.51162790697674421, 0.51162790697674421, 0.51162790697674421, 0.52325581395348841, 0.51162790697674421, 0.52325581395348841, 0.50182398540811679, 0.51162790697674421, 0.51345189238486089, 0.52325581395348841, 0.51345189238486089, 0.49019607843137253, 0.51162790697674421, 0.49019607843137253, 0.51162790697674421, 0.51162790697674421, 0.51162790697674421, 0.52325581395348841, 0.51162790697674421, 0.51162790697674421, 0.51162790697674421, 0.52325581395348841, 0.52325581395348841, 0.52325581395348841, 0.51162790697674421, 0.51162790697674421, 0.5, 0.52507979936160509]

Line: 3/15
Data              UCLAsource
Weighters              binar
Normalizers            origN
Featurizers               20
Selectors      var_threshold
Scalers               minmax
Classifiers               LR
Name: 2, dtype: object
Got Features: 16.998 sec
Scoring: roc_auc
Grid Search: 40.751 sec
Grid Search Results: {'grid_roc_auc_best_params': "{'penalty': 'l1', 'C': 0.2, 'max_iter': 50}", 'grid_roc_auc_mean': 0.64237588652482269, 'grid_roc_auc_std': 0.1407650678819074}
Got Scores: 122.786 sec
Scores mean: 0.512763337893
Scores std: 0.00934708992742
Scores: [0.51162790697674421, 0.52325581395348841, 0.51162790697674421, 0.52325581395348841, 0.51162790697674421, 0.51162790697674421, 0.50182398540811679, 0.52325581395348841, 0.51162790697674421, 0.51345189238486089, 0.51162790697674421, 0.51162790697674421, 0.49019607843137253, 0.49019607843137253, 0.5, 0.51162790697674421, 0.51162790697674421, 0.51345189238486089, 0.5, 0.53488372093023262, 0.52325581395348841, 0.50182398540811679, 0.50182398540811679, 0.51162790697674421, 0.51162790697674421, 0.52325581395348841, 0.51162790697674421, 0.52325581395348841, 0.51162790697674421, 0.51162790697674421, 0.51345189238486089, 0.52325581395348841, 0.51345189238486089, 0.49019607843137253, 0.52325581395348841, 0.51162790697674421, 0.52325581395348841, 0.51162790697674421, 0.51162790697674421, 0.52325581395348841, 0.51162790697674421, 0.51162790697674421, 0.51162790697674421, 0.52325581395348841, 0.51345189238486089, 0.52325581395348841, 0.51162790697674421, 0.51162790697674421, 0.5, 0.52507979936160509]

Line: 4/15
Data              UCLAsource
Weighters              binar
Normalizers            origN
Featurizers               40
Selectors      var_threshold
Scalers               minmax
Classifiers               LR
Name: 3, dtype: object
Got Features: 17.005 sec
Scoring: roc_auc
Grid Search: 37.468 sec
Grid Search Results: {'grid_roc_auc_best_params': "{'penalty': 'l1', 'C': 0.2, 'max_iter': 50}", 'grid_roc_auc_mean': 0.54734042553191498, 'grid_roc_auc_std': 0.14846143945171164}
Got Scores: 113.805 sec
Scores mean: 0.50992248062
Scores std: 0.0120202610442
Scores: [0.54651162790697683, 0.52325581395348841, 0.53488372093023262, 0.5, 0.49019607843137253, 0.5, 0.51345189238486089, 0.51162790697674421, 0.52325581395348841, 0.51345189238486089, 0.51162790697674421, 0.51162790697674421, 0.51162790697674421, 0.51345189238486089, 0.49019607843137253, 0.5, 0.51162790697674421, 0.51162790697674421, 0.49019607843137253, 0.52507979936160509, 0.51162790697674421, 0.49019607843137253, 0.5, 0.51162790697674421, 0.51345189238486089, 0.52325581395348841, 0.52325581395348841, 0.52325581395348841, 0.51162790697674421, 0.51162790697674421, 0.49202006383948932, 0.52325581395348841, 0.51162790697674421, 0.49019607843137253, 0.52325581395348841, 0.5, 0.51162790697674421, 0.50182398540811679, 0.50182398540811679, 0.51162790697674421, 0.50182398540811679, 0.51162790697674421, 0.51162790697674421, 0.51162790697674421, 0.51162790697674421, 0.49019607843137253, 0.51162790697674421, 0.50182398540811679, 0.5, 0.52325581395348841]

Line: 5/15
Data              UCLAsource
Weighters              binar
Normalizers            origN
Featurizers               60
Selectors      var_threshold
Scalers               minmax
Classifiers               LR
Name: 4, dtype: object
Got Features: 17.081 sec
Scoring: roc_auc
Grid Search: 35.117 sec
Grid Search Results: {'grid_roc_auc_best_params': "{'penalty': 'l1', 'C': 0.30000000000000004, 'max_iter': 50}", 'grid_roc_auc_mean': 0.65301418439716319, 'grid_roc_auc_std': 0.11031233237271058}
Got Scores: 111.193 sec
Scores mean: 0.534642042864
Scores std: 0.0285350774479
Scores: [0.56908344733242133, 0.53784769721842229, 0.53419972640218871, 0.53784769721842229, 0.52257181942544462, 0.53055175558595535, 0.52257181942544462, 0.49498404012767899, 0.51459188326493388, 0.57523939808481539, 0.50911992704058373, 0.59051527587779296, 0.50911992704058373, 0.54765161878704971, 0.58253533971728233, 0.54400364797081624, 0.5360237118103055, 0.49133606931144552, 0.4993160054719562, 0.52621979024167809, 0.50113999088007299, 0.48768809849521205, 0.51459188326493388, 0.52804377564979477, 0.53784769721842229, 0.55745554035567713, 0.58435932512539901, 0.55927952576379392, 0.50478796169630646, 0.53419972640218871, 0.52621979024167809, 0.51823985408116735, 0.54149566803465576, 0.5360237118103055, 0.54765161878704971, 0.5243958048335613, 0.47970816233470132, 0.49498404012767899, 0.52621979024167809, 0.50113999088007299, 0.54400364797081624, 0.60214318285453716, 0.54582763337893292, 0.56725946192430454, 0.52074783401732783, 0.53784769721842229, 0.59233926128590975, 0.57090743274053812, 0.5360237118103055, 0.53419972640218871]

Line: 6/15
Data              UCLAsource
Weighters              binar
Normalizers            origN
Featurizers               80
Selectors      var_threshold
Scalers               minmax
Classifiers               LR
Name: 5, dtype: object
Got Features: 16.955 sec
Scoring: roc_auc
Grid Search: 31.745 sec
Grid Search Results: {'grid_roc_auc_best_params': "{'penalty': 'l1', 'C': 1.0, 'max_iter': 50}", 'grid_roc_auc_mean': 0.52854609929078022, 'grid_roc_auc_std': 0.15136928878223388}
Got Scores: 100.524 sec
Scores mean: 0.531805745554
Scores std: 0.0415603403068
Scores: [0.58367533059735521, 0.52120383036935714, 0.46671226630186957, 0.4997720018239854, 0.53283173734610123, 0.52735978112175108, 0.51139990880072961, 0.54514363885088923, 0.55859553123575012, 0.48632010943912451, 0.45508435932512536, 0.53100775193798444, 0.53465572275421791, 0.55426356589147285, 0.53283173734610123, 0.50957592339261293, 0.58367533059735521, 0.56406748746010038, 0.51937984496124034, 0.50957592339261293, 0.52485180118559049, 0.46853625170998636, 0.58367533059735521, 0.56406748746010038, 0.48016415868673051, 0.60259917920656636, 0.63201094391244883, 0.49612403100775193, 0.48632010943912451, 0.585499316005472, 0.47036023711810304, 0.47286821705426357, 0.52371181030551761, 0.50775193798449614, 0.49794801641586867, 0.59097127222982215, 0.54081167350661197, 0.57820337437300506, 0.51755585955312355, 0.56406748746010038, 0.58732330141358868, 0.50775193798449614, 0.48084815321477431, 0.49794801641586867, 0.52918376652986776, 0.56771545827633374, 0.57204742362061101, 0.4943000455996352, 0.54263565891472865, 0.59530323757409942]

Line: 7/15
Data              UCLAsource
Weighters              binar
Normalizers            origN
Featurizers              100
Selectors      var_threshold
Scalers               minmax
Classifiers               LR
Name: 6, dtype: object
Got Features: 17.13 sec
Scoring: roc_auc
Grid Search: 29.899 sec
Grid Search Results: {'grid_roc_auc_best_params': "{'penalty': 'l1', 'C': 0.2, 'max_iter': 50}", 'grid_roc_auc_mean': 0.56507092198581566, 'grid_roc_auc_std': 0.193054169154036}
Got Scores: 84.018 sec
Scores mean: 0.505841313269
Scores std: 0.0113582357323
Scores: [0.51162790697674421, 0.53488372093023262, 0.47241222070223438, 0.51162790697674421, 0.51162790697674421, 0.49019607843137253, 0.50182398540811679, 0.51162790697674421, 0.50182398540811679, 0.49202006383948932, 0.51162790697674421, 0.50182398540811679, 0.51162790697674421, 0.51162790697674421, 0.49019607843137253, 0.49019607843137253, 0.51162790697674421, 0.50364797081623347, 0.52507979936160509, 0.51345189238486089, 0.52325581395348841, 0.51162790697674421, 0.51345189238486089, 0.51162790697674421, 0.50182398540811679, 0.50182398540811679, 0.51162790697674421, 0.51162790697674421, 0.50182398540811679, 0.50182398540811679, 0.49202006383948932, 0.51162790697674421, 0.48404012767897853, 0.50182398540811679, 0.50182398540811679, 0.49019607843137253, 0.51162790697674421, 0.49202006383948932, 0.52325581395348841, 0.51162790697674421, 0.49202006383948932, 0.52325581395348841, 0.50182398540811679, 0.51162790697674421, 0.50182398540811679, 0.51345189238486089, 0.50182398540811679, 0.51162790697674421, 0.50182398540811679, 0.51162790697674421]

Line: 8/15
Data              UCLAsource
Weighters              binar
Normalizers            origN
Featurizers              120
Selectors      var_threshold
Scalers               minmax
Classifiers               LR
Name: 7, dtype: object
Got Features: 17.019 sec
Scoring: roc_auc
Grid Search: 27.737 sec
Grid Search Results: {'grid_roc_auc_best_params': "{'penalty': 'l1', 'C': 0.30000000000000004, 'max_iter': 50}", 'grid_roc_auc_mean': 0.60851063829787244, 'grid_roc_auc_std': 0.19246971271438668}
Got Scores: 83.378 sec
Scores mean: 0.50056999544
Scores std: 0.0306102050282
Scores: [0.49133606931144552, 0.50296397628818967, 0.51276789785681709, 0.47172822617419063, 0.5360237118103055, 0.50478796169630646, 0.47537619699042405, 0.46374829001367979, 0.52804377564979477, 0.51823985408116735, 0.54582763337893292, 0.5243958048335613, 0.47537619699042405, 0.49680802553579573, 0.52804377564979477, 0.52621979024167809, 0.53419972640218871, 0.48951208390332879, 0.48153214774281805, 0.50478796169630646, 0.50113999088007299, 0.50478796169630646, 0.49566803465572273, 0.56110351117191071, 0.49133606931144552, 0.52257181942544462, 0.52986776105791156, 0.46739626082991337, 0.46010031919744643, 0.43068855449156407, 0.44847241222070228, 0.48153214774281805, 0.46010031919744643, 0.55927952576379392, 0.5360237118103055, 0.4931600547195622, 0.54582763337893292, 0.45212038303693569, 0.48335613315093479, 0.4931600547195622, 0.50911992704058373, 0.53237574099407203, 0.52257181942544462, 0.45576835385316916, 0.44847241222070228, 0.51276789785681709, 0.51641586867305067, 0.53055175558595535, 0.47788417692658469, 0.4931600547195622]

Line: 9/15
Data              UCLAsource
Weighters              binar
Normalizers            origN
Featurizers              140
Selectors      var_threshold
Scalers               minmax
Classifiers               LR
Name: 8, dtype: object
Got Features: 16.868 sec
Scoring: roc_auc
Grid Search: 23.822 sec
Grid Search Results: {'grid_roc_auc_best_params': "{'penalty': 'l1', 'C': 0.5, 'max_iter': 50}", 'grid_roc_auc_mean': 0.79042553191489362, 'grid_roc_auc_std': 0.14707730557841486}
Got Scores: 74.082 sec
Scores mean: 0.730209758322
Scores std: 0.0337473732027
Scores: [0.71591427268581853, 0.76675786593707251, 0.70428636570907432, 0.72207022343821248, 0.73552211582307347, 0.74532603739170089, 0.77656178750569993, 0.70428636570907432, 0.67669858641130876, 0.76675786593707251, 0.75512995896032831, 0.6712266301869585, 0.71773825809393532, 0.77838577291381672, 0.69083447332421333, 0.79183766529867761, 0.7569539443684451, 0.6712266301869585, 0.7202462380300958, 0.73552211582307347, 0.76060191518467857, 0.73734610123119015, 0.706110351117191, 0.75330597355221152, 0.72571819425444595, 0.72207022343821248, 0.77656178750569993, 0.6712266301869585, 0.68718650250797997, 0.70246238030095753, 0.70428636570907432, 0.72389420884632916, 0.71773825809393532, 0.68901048791609676, 0.70063839489284085, 0.71409028727770174, 0.75877792977656178, 0.79183766529867761, 0.69265845873233012, 0.73552211582307347, 0.76493388052895572, 0.74167806657546742, 0.71409028727770174, 0.7202462380300958, 0.68285453716370259, 0.76060191518467857, 0.75330597355221152, 0.73369813041495668, 0.79001367989056082, 0.77473780209758314]

Line: 10/15
Data              UCLAsource
Weighters              binar
Normalizers            origN
Featurizers              160
Selectors      var_threshold
Scalers               minmax
Classifiers               LR
Name: 9, dtype: object
Got Features: 16.974 sec
Scoring: roc_auc
Grid Search: 21.425 sec
Grid Search Results: {'grid_roc_auc_best_params': "{'penalty': 'l1', 'C': 0.2, 'max_iter': 50}", 'grid_roc_auc_mean': 0.65496453900709228, 'grid_roc_auc_std': 0.22879360075159894}
Got Scores: 56.815 sec
Scores mean: 0.511354309166
Scores std: 0.0101335891924
Scores: [0.51162790697674421, 0.51345189238486089, 0.51162790697674421, 0.52325581395348841, 0.51162790697674421, 0.51162790697674421, 0.50182398540811679, 0.51162790697674421, 0.51345189238486089, 0.51162790697674421, 0.51162790697674421, 0.51162790697674421, 0.50182398540811679, 0.51162790697674421, 0.53488372093023262, 0.49019607843137253, 0.51162790697674421, 0.50364797081623347, 0.51162790697674421, 0.52325581395348841, 0.52325581395348841, 0.49019607843137253, 0.53488372093023262, 0.52325581395348841, 0.51162790697674421, 0.50182398540811679, 0.51162790697674421, 0.51162790697674421, 0.52325581395348841, 0.51162790697674421, 0.51162790697674421, 0.51162790697674421, 0.49202006383948932, 0.50182398540811679, 0.51162790697674421, 0.49019607843137253, 0.51162790697674421, 0.50182398540811679, 0.51162790697674421, 0.49202006383948932, 0.51162790697674421, 0.52325581395348841, 0.51162790697674421, 0.51162790697674421, 0.51162790697674421, 0.51162790697674421, 0.51162790697674421, 0.53488372093023262, 0.51345189238486089, 0.51345189238486089]

Line: 11/15
Data              UCLAsource
Weighters              binar
Normalizers            origN
Featurizers              180
Selectors      var_threshold
Scalers               minmax
Classifiers               LR
Name: 10, dtype: object
Got Features: 17.051 sec
Scoring: roc_auc
Grid Search: 18.627 sec
Grid Search Results: {'grid_roc_auc_best_params': "{'penalty': 'l1', 'C': 0.01, 'max_iter': 50}", 'grid_roc_auc_mean': 0.5, 'grid_roc_auc_std': 0.0}
Got Scores: 40.641 sec
Scores mean: 0.5
Scores std: 0.0
Scores: [0.5, 0.5, 0.5, 0.5, 0.5, 0.5, 0.5, 0.5, 0.5, 0.5, 0.5, 0.5, 0.5, 0.5, 0.5, 0.5, 0.5, 0.5, 0.5, 0.5, 0.5, 0.5, 0.5, 0.5, 0.5, 0.5, 0.5, 0.5, 0.5, 0.5, 0.5, 0.5, 0.5, 0.5, 0.5, 0.5, 0.5, 0.5, 0.5, 0.5, 0.5, 0.5, 0.5, 0.5, 0.5, 0.5, 0.5, 0.5, 0.5, 0.5]

Line: 12/15
Data              UCLAsource
Weighters              binar
Normalizers            origN
Featurizers              200
Selectors      var_threshold
Scalers               minmax
Classifiers               LR
Name: 11, dtype: object
Got Features: 17.034 sec
Scoring: roc_auc
Grid Search: 16.223 sec
Grid Search Results: {'grid_roc_auc_best_params': "{'penalty': 'l1', 'C': 0.01, 'max_iter': 50}", 'grid_roc_auc_mean': 0.5, 'grid_roc_auc_std': 0.0}
Got Scores: 34.522 sec
Scores mean: 0.5
Scores std: 0.0
Scores: [0.5, 0.5, 0.5, 0.5, 0.5, 0.5, 0.5, 0.5, 0.5, 0.5, 0.5, 0.5, 0.5, 0.5, 0.5, 0.5, 0.5, 0.5, 0.5, 0.5, 0.5, 0.5, 0.5, 0.5, 0.5, 0.5, 0.5, 0.5, 0.5, 0.5, 0.5, 0.5, 0.5, 0.5, 0.5, 0.5, 0.5, 0.5, 0.5, 0.5, 0.5, 0.5, 0.5, 0.5, 0.5, 0.5, 0.5, 0.5, 0.5, 0.5]

Line: 13/15
Data              UCLAsource
Weighters              binar
Normalizers            origN
Featurizers              220
Selectors      var_threshold
Scalers               minmax
Classifiers               LR
Name: 12, dtype: object
Got Features: 16.91 sec
Scoring: roc_auc
Grid Search: 12.676 sec
Grid Search Results: {'grid_roc_auc_best_params': "{'penalty': 'l1', 'C': 0.01, 'max_iter': 50}", 'grid_roc_auc_mean': 0.5, 'grid_roc_auc_std': 0.0}
Got Scores: 29.554 sec
Scores mean: 0.5
Scores std: 0.0
Scores: [0.5, 0.5, 0.5, 0.5, 0.5, 0.5, 0.5, 0.5, 0.5, 0.5, 0.5, 0.5, 0.5, 0.5, 0.5, 0.5, 0.5, 0.5, 0.5, 0.5, 0.5, 0.5, 0.5, 0.5, 0.5, 0.5, 0.5, 0.5, 0.5, 0.5, 0.5, 0.5, 0.5, 0.5, 0.5, 0.5, 0.5, 0.5, 0.5, 0.5, 0.5, 0.5, 0.5, 0.5, 0.5, 0.5, 0.5, 0.5, 0.5, 0.5]

Line: 14/15
Data              UCLAsource
Weighters              binar
Normalizers            origN
Featurizers              240
Selectors      var_threshold
Scalers               minmax
Classifiers               LR
Name: 13, dtype: object
Got Features: 16.896 sec
Scoring: roc_auc
Grid Search: 7.346 sec
Grid Search Results: {'grid_roc_auc_best_params': "{'penalty': 'l1', 'C': 0.01, 'max_iter': 50}", 'grid_roc_auc_mean': 0.5, 'grid_roc_auc_std': 0.0}
Got Scores: 23.783 sec
Scores mean: 0.5
Scores std: 0.0
Scores: [0.5, 0.5, 0.5, 0.5, 0.5, 0.5, 0.5, 0.5, 0.5, 0.5, 0.5, 0.5, 0.5, 0.5, 0.5, 0.5, 0.5, 0.5, 0.5, 0.5, 0.5, 0.5, 0.5, 0.5, 0.5, 0.5, 0.5, 0.5, 0.5, 0.5, 0.5, 0.5, 0.5, 0.5, 0.5, 0.5, 0.5, 0.5, 0.5, 0.5, 0.5, 0.5, 0.5, 0.5, 0.5, 0.5, 0.5, 0.5, 0.5, 0.5]

Line: 15/15
Data              UCLAsource
Weighters              binar
Normalizers            origN
Featurizers              260
Selectors      var_threshold
Scalers               minmax
Classifiers               LR
Name: 14, dtype: object
Got Features: 16.924 sec
Scoring: roc_auc
Grid Search: 4.005 sec
Grid Search Results: {'grid_roc_auc_best_params': "{'penalty': 'l1', 'C': 0.6000000000000001, 'max_iter': 50}", 'grid_roc_auc_mean': 0.53705673758865247, 'grid_roc_auc_std': 0.2302321042772873}
Got Scores: 18.193 sec
Scores mean: 0.489202006384
Scores std: 0.0400835515776
Scores: [0.54879160966712259, 0.43980848153214774, 0.50775193798449614, 0.4336525307797538, 0.51755585955312355, 0.48632010943912451, 0.5371637026903785, 0.47469220246238031, 0.51937984496124034, 0.52918376652986776, 0.45326037391700869, 0.48449612403100772, 0.51755585955312355, 0.49794801641586867, 0.5120839033287734, 0.44528043775649795, 0.49794801641586867, 0.47286821705426357, 0.51139990880072961, 0.51755585955312355, 0.47469220246238031, 0.50410396716826267, 0.43182854537163701, 0.42202462380300959, 0.44163246694026448, 0.44710442316461463, 0.46488828089375284, 0.46671226630186957, 0.46853625170998636, 0.49247606019151857, 0.55061559507523938, 0.45143638850889189, 0.48814409484724119, 0.40059279525763791, 0.45690834473324216, 0.51755585955312355, 0.50775193798449614, 0.55061559507523938, 0.55243958048335617, 0.55061559507523938, 0.45690834473324216, 0.49612403100775193, 0.47286821705426357, 0.5371637026903785, 0.48814409484724119, 0.47286821705426357, 0.56839945280437754, 0.50775193798449614, 0.40424076607387138, 0.51025991792065661]

