Line: 1/6
Data              UCLAsource
Weighters              origW
Normalizers         spectral
Featurizers            origF
Selectors      var_threshold
Scalers                origS
Classifiers               RF
Name: 0, dtype: object
Got Features: 21.054 sec
Scoring: roc_auc
Grid Search: 2725.819 sec
Grid Search Results: {'grid_roc_auc_best_params': "{'n_estimators': 50, 'max_features': 0.1, 'criterion': 'gini', 'max_depth': 20}", 'grid_roc_auc_mean': 0.69140070921985808, 'grid_roc_auc_std': 0.13122700253130232}
Got Scores: 2.876 sec
Scores mean: 0.539333333333
Scores std: 0.143314339827
Scores: [ 0.53333333  0.64        0.42        0.425       0.8         0.275       0.475
  0.625       0.525       0.675     ]

Line: 2/6
Data              UCLAsource
Weighters              origW
Normalizers         spectral
Featurizers      low_rank_30
Selectors      var_threshold
Scalers                origS
Classifiers               RF
Name: 1, dtype: object
Got Features: 2.952 sec
Scoring: roc_auc
Grid Search: 14633.072 sec
Grid Search Results: {'grid_roc_auc_best_params': "{'n_estimators': 10, 'max_features': 0.25, 'criterion': 'entropy', 'max_depth': 20}", 'grid_roc_auc_mean': 0.65833333333333344, 'grid_roc_auc_std': 0.1998411011805134}
Got Scores: 5.81 sec
Scores mean: 0.451166666667
Scores std: 0.201218579328
Scores: [ 0.61666667  0.44        0.28        0.55        0.275       0.175       0.85
  0.225       0.575       0.525     ]

Line: 3/6
Data                 UCLAsource
Weighters                 origW
Normalizers            spectral
Featurizers    low_rank_30_curs
Selectors         var_threshold
Scalers                   origS
Classifiers                  RF
Name: 2, dtype: object
Got Features: 2.78 sec
Scoring: roc_auc
Grid Search: 14613.634 sec
Grid Search Results: {'grid_roc_auc_best_params': "{'n_estimators': 10, 'max_features': 'log2', 'criterion': 'gini', 'max_depth': 20}", 'grid_roc_auc_mean': 0.69051418439716306, 'grid_roc_auc_std': 0.18178992932504218}
Got Scores: 1.674 sec
Scores mean: 0.486333333333
Scores std: 0.137741303416
Scores: [ 0.58333333  0.28        0.4         0.525       0.675       0.45        0.4
  0.4         0.75        0.4       ]

Line: 4/6
Data              UCLAsource
Weighters              binar
Normalizers            origN
Featurizers            origF
Selectors      var_threshold
Scalers                origS
Classifiers               RF
Name: 3, dtype: object
Got Features: 0.083 sec
Scoring: roc_auc
Grid Search: 1557.519 sec
Grid Search Results: {'grid_roc_auc_best_params': "{'n_estimators': 50, 'max_features': 1.0, 'criterion': 'gini', 'max_depth': 7}", 'grid_roc_auc_mean': 0.70221631205673751, 'grid_roc_auc_std': 0.13567413076027968}
Got Scores: 5.341 sec
Scores mean: 0.5595
Scores std: 0.225593107164
Scores: [ 0.9    0.66   0.16   0.55   0.325  0.55   0.65   0.35   0.55   0.9  ]

Line: 5/6
Data              UCLAsource
Weighters              binar
Normalizers            origN
Featurizers      low_rank_30
Selectors      var_threshold
Scalers                origS
Classifiers               RF
Name: 4, dtype: object
Got Features: 2.752 sec
Scoring: roc_auc
Grid Search: 14571.176 sec
Grid Search Results: {'grid_roc_auc_best_params': "{'n_estimators': 100, 'max_features': 0.001, 'criterion': 'gini', 'max_depth': 3}", 'grid_roc_auc_mean': 0.65301418439716319, 'grid_roc_auc_std': 0.20275237849545469}
Got Scores: 1.895 sec
Scores mean: 0.433
Scores std: 0.15925137362
Scores: [ 0.7   0.32  0.56  0.35  0.45  0.35  0.45  0.6   0.45  0.1 ]

Line: 6/6
Data                 UCLAsource
Weighters                 binar
Normalizers               origN
Featurizers    low_rank_30_curs
Selectors         var_threshold
Scalers                   origS
Classifiers                  RF
Name: 5, dtype: object
Got Features: 2.714 sec
Scoring: roc_auc
Grid Search: 14571.023 sec
Grid Search Results: {'grid_roc_auc_best_params': "{'n_estimators': 50, 'max_features': 0.01, 'criterion': 'entropy', 'max_depth': 3}", 'grid_roc_auc_mean': 0.67695035460992903, 'grid_roc_auc_std': 0.18655940406990792}
Got Scores: 2.363 sec
Scores mean: 0.565333333333
Scores std: 0.202095686908
Scores: [ 0.53333333  0.08        0.44        0.55        0.65        0.8         0.7
  0.65        0.45        0.8       ]

