Line: 1/12
Data              UCLAsource
Weighters              origW
Normalizers         spectral
Featurizers      low_rank_30
Selectors      var_threshold
Scalers               minmax
Classifiers               LR
Name: 0, dtype: object
Got Features: 23.989 sec
Scoring: roc_auc
Grid Search: 385.93 sec
Grid Search Results: {'grid_roc_auc_best_params': "{'penalty': 'l2', 'C': 0.01, 'max_iter': 50}", 'grid_roc_auc_mean': 0.50336879432624104, 'grid_roc_auc_std': 0.1707406302223107}
Got Scores: 3.343 sec
Scores mean: 0.525333333333
Scores std: 0.0929300812439
Scores: [ 0.63333333  0.64        0.48        0.5         0.4         0.45        0.5
  0.7         0.45        0.5       ]

Line: 2/12
Data              UCLAsource
Weighters              origW
Normalizers         spectral
Featurizers      low_rank_30
Selectors      var_threshold
Scalers               minmax
Classifiers              SVC
Name: 1, dtype: object
Got Features: 0.0 sec
Scoring: roc_auc
Grid Search: 1129.213 sec
Grid Search Results: {'grid_roc_auc_best_params': "{'kernel': 'rbf', 'C': 0.0005, 'max_iter': 50, 'degree': 2}", 'grid_roc_auc_mean': 0.53067375886524826, 'grid_roc_auc_std': 0.17247508456596392}
Got Scores: 2.31 sec
Scores mean: 0.541
Scores std: 0.107559285978
Scores: [ 0.7   0.64  0.52  0.6   0.4   0.4   0.5   0.6   0.4   0.65]

Line: 3/12
Data              UCLAsource
Weighters              origW
Normalizers         spectral
Featurizers      low_rank_30
Selectors      var_threshold
Scalers               minmax
Classifiers              SGD
Name: 2, dtype: object
Got Features: 0.0 sec
Scoring: roc_auc
Grid Search: 1608.809 sec
Grid Search Results: {'grid_roc_auc_best_params': "{'penalty': 'elasticnet', 'loss': 'hinge', 'alpha': 0.001, 'n_iter': 100, 'l1_ratio': 0.4}", 'grid_roc_auc_mean': 0.5838652482269503, 'grid_roc_auc_std': 0.22935890876249146}
Got Scores: 8.495 sec
Scores mean: 0.459666666667
Scores std: 0.0628834901491
Scores: [ 0.46666667  0.44        0.44        0.55        0.5         0.3         0.45
  0.5         0.45        0.5       ]

Line: 4/12
Data                 UCLAsource
Weighters                 origW
Normalizers            spectral
Featurizers    low_rank_30_curs
Selectors         var_threshold
Scalers                  minmax
Classifiers                  LR
Name: 3, dtype: object
Got Features: 2.772 sec
Scoring: roc_auc
Grid Search: 388.226 sec
Grid Search Results: {'grid_roc_auc_best_params': "{'penalty': 'l1', 'C': 0.8500000000000001, 'max_iter': 100}", 'grid_roc_auc_mean': 0.61684397163120563, 'grid_roc_auc_std': 0.14262182550862579}
Got Scores: 2.918 sec
Scores mean: 0.598
Scores std: 0.192862645424
Scores: [ 0.5   0.72  0.36  0.65  1.    0.3   0.5   0.65  0.55  0.75]

Line: 5/12
Data                 UCLAsource
Weighters                 origW
Normalizers            spectral
Featurizers    low_rank_30_curs
Selectors         var_threshold
Scalers                  minmax
Classifiers                 SVC
Name: 4, dtype: object
Got Features: 0.0 sec
Scoring: roc_auc
Grid Search: 1143.047 sec
Grid Search Results: {'grid_roc_auc_best_params': "{'kernel': 'poly', 'C': 0.15000000000000002, 'max_iter': 50, 'degree': 2}", 'grid_roc_auc_mean': 0.56524822695035459, 'grid_roc_auc_std': 0.21293373999176349}
Got Scores: 2.541 sec
Scores mean: 0.571
Scores std: 0.0746257328272
Scores: [ 0.7   0.6   0.56  0.55  0.5   0.45  0.55  0.7   0.55  0.55]

Line: 6/12
Data                 UCLAsource
Weighters                 origW
Normalizers            spectral
Featurizers    low_rank_30_curs
Selectors         var_threshold
Scalers                  minmax
Classifiers                 SGD
Name: 5, dtype: object
Got Features: 0.0 sec
Scoring: roc_auc
Grid Search: 1610.273 sec
Grid Search Results: {'grid_roc_auc_best_params': "{'penalty': 'elasticnet', 'loss': 'hinge', 'alpha': 0.01, 'n_iter': 200, 'l1_ratio': 0}", 'grid_roc_auc_mean': 0.5941489361702128, 'grid_roc_auc_std': 0.1961404705842115}
Got Scores: 13.055 sec
Scores mean: 0.594333333333
Scores std: 0.074087785768
Scores: [ 0.63333333  0.56        0.6         0.65        0.5         0.5         0.5
  0.6         0.7         0.7       ]

Line: 7/12
Data              UCLAsource
Weighters              binar
Normalizers            origN
Featurizers      low_rank_30
Selectors      var_threshold
Scalers               minmax
Classifiers               LR
Name: 6, dtype: object
Got Features: 2.746 sec
Scoring: roc_auc
Grid Search: 357.273 sec
Grid Search Results: {'grid_roc_auc_best_params': "{'penalty': 'l1', 'C': 0.35000000000000003, 'max_iter': 50}", 'grid_roc_auc_mean': 0.72996453900709224, 'grid_roc_auc_std': 0.12542079968294334}
Got Scores: 2.958 sec
Scores mean: 0.647666666667
Scores std: 0.111425610461
Scores: [ 0.46666667  0.6         0.56        0.65        0.85        0.75        0.5
  0.7         0.7         0.7       ]

Line: 8/12
Data              UCLAsource
Weighters              binar
Normalizers            origN
Featurizers      low_rank_30
Selectors      var_threshold
Scalers               minmax
Classifiers              SVC
Name: 7, dtype: object
Got Features: 0.0 sec
Scoring: roc_auc
Grid Search: 1146.703 sec
Grid Search Results: {'grid_roc_auc_best_params': "{'kernel': 'poly', 'C': 0.0005, 'max_iter': 50, 'degree': 3}", 'grid_roc_auc_mean': 0.60673758865248228, 'grid_roc_auc_std': 0.21489619173141003}
Got Scores: 2.425 sec
Scores mean: 0.629333333333
Scores std: 0.160677731293
Scores: [ 0.43333333  0.52        0.84        0.8         0.6         0.9         0.55
  0.6         0.4         0.65      ]

Line: 9/12
Data              UCLAsource
Weighters              binar
Normalizers            origN
Featurizers      low_rank_30
Selectors      var_threshold
Scalers               minmax
Classifiers              SGD
Name: 8, dtype: object
Got Features: 0.0 sec
Scoring: roc_auc
Grid Search: 1612.643 sec
Grid Search Results: {'grid_roc_auc_best_params': "{'penalty': 'elasticnet', 'loss': 'log', 'alpha': 0.1, 'n_iter': 200, 'l1_ratio': 0.4}", 'grid_roc_auc_mean': 0.66985815602836885, 'grid_roc_auc_std': 0.14739416196696045}
Got Scores: 12.208 sec
Scores mean: 0.579666666667
Scores std: 0.223056793964
Scores: [ 0.76666667  0.68        0.6         0.5         0.85        0.55        0.
  0.5         0.75        0.6       ]

Line: 10/12
Data                 UCLAsource
Weighters                 binar
Normalizers               origN
Featurizers    low_rank_30_curs
Selectors         var_threshold
Scalers                  minmax
Classifiers                  LR
Name: 9, dtype: object
Got Features: 2.761 sec
Scoring: roc_auc
Grid Search: 358.179 sec
Grid Search Results: {'grid_roc_auc_best_params': "{'penalty': 'l1', 'C': 1.0, 'max_iter': 100}", 'grid_roc_auc_mean': 0.76471631205673751, 'grid_roc_auc_std': 0.1312527469706623}
Got Scores: 2.853 sec
Scores mean: 0.638666666667
Scores std: 0.171219157807
Scores: [ 0.56666667  0.48        0.84        0.85        0.5         0.75        0.4
  0.6         0.5         0.9       ]

Line: 11/12
Data                 UCLAsource
Weighters                 binar
Normalizers               origN
Featurizers    low_rank_30_curs
Selectors         var_threshold
Scalers                  minmax
Classifiers                 SVC
Name: 10, dtype: object
Got Features: 0.0 sec
Scoring: roc_auc
Grid Search: 1146.368 sec
Grid Search Results: {'grid_roc_auc_best_params': "{'kernel': 'poly', 'C': 0.05, 'max_iter': 50, 'degree': 2}", 'grid_roc_auc_mean': 0.62570921985815597, 'grid_roc_auc_std': 0.2144163678544227}
Got Scores: 2.407 sec
Scores mean: 0.636333333333
Scores std: 0.163628644599
Scores: [ 0.53333333  0.56        0.92        0.65        0.7         0.75        0.85
  0.5         0.35        0.55      ]

Line: 12/12
Data                 UCLAsource
Weighters                 binar
Normalizers               origN
Featurizers    low_rank_30_curs
Selectors         var_threshold
Scalers                  minmax
Classifiers                 SGD
Name: 11, dtype: object
Got Features: 0.0 sec
Scoring: roc_auc
Grid Search: 1612.571 sec
Grid Search Results: {'grid_roc_auc_best_params': "{'penalty': 'elasticnet', 'loss': 'modified_huber', 'alpha': 0.1, 'n_iter': 200, 'l1_ratio': 0.8}", 'grid_roc_auc_mean': 0.68758865248226952, 'grid_roc_auc_std': 0.16586573813287622}
Got Scores: 11.239 sec
Scores mean: 0.541666666667
Scores std: 0.226873679978
Scores: [ 0.36666667  0.32        0.88        0.8         0.35        0.7         0.35
  0.3         0.5         0.85      ]

