Line: 1/5
Data              UCLAsource
Weighters              origW
Normalizers            origN
Featurizers           nmf_50
Selectors      var_threshold
Scalers               minmax
Classifiers               LR
Name: 0, dtype: object
Got Features: 63.766 sec
Scoring: roc_auc
Grid Search: 136.696 sec
Grid Search Results: {'grid_roc_auc_best_params': "{'penalty': 'l2', 'C': 0.01, 'max_iter': 50}", 'grid_roc_auc_mean': 0.60000000000000009, 'grid_roc_auc_std': 0.15838278436426959}
Got Scores: 1.246 sec
Scores mean: 0.493
Scores std: 0.255423178275
Scores: [ 0.2   0.48  0.8   0.45  0.2   0.2   0.55  0.35  0.95  0.75]

Line: 2/5
Data              UCLAsource
Weighters              origW
Normalizers            origN
Featurizers          nmf_100
Selectors      var_threshold
Scalers               minmax
Classifiers               LR
Name: 1, dtype: object
Got Features: 169.586 sec
Scoring: roc_auc
Grid Search: 241.617 sec
Grid Search Results: {'grid_roc_auc_best_params': "{'penalty': 'l1', 'C': 0.30000000000000004, 'max_iter': 50}", 'grid_roc_auc_mean': 0.56214539007092201, 'grid_roc_auc_std': 0.13254791326497697}
Got Scores: 1.591 sec
Scores mean: 0.571
Scores std: 0.0889325587173
Scores: [ 0.6   0.52  0.54  0.5   0.4   0.75  0.55  0.65  0.6   0.6 ]

Line: 3/5
Data              UCLAsource
Weighters              origW
Normalizers            origN
Featurizers          nmf_150
Selectors      var_threshold
Scalers               minmax
Classifiers               LR
Name: 2, dtype: object
Got Features: 405.507 sec
Scoring: roc_auc
Grid Search: 320.834 sec
Grid Search Results: {'grid_roc_auc_best_params': "{'penalty': 'l2', 'C': 0.05, 'max_iter': 50}", 'grid_roc_auc_mean': 0.56205673758865249, 'grid_roc_auc_std': 0.15257452264554217}
Got Scores: 2.196 sec
Scores mean: 0.563666666667
Scores std: 0.181698468165
Scores: [ 0.36666667  0.52        0.4         0.85        0.7         0.35        0.35
  0.75        0.6         0.75      ]

Line: 4/5
Data              UCLAsource
Weighters              origW
Normalizers            origN
Featurizers          nmf_200
Selectors      var_threshold
Scalers               minmax
Classifiers               LR
Name: 3, dtype: object
Got Features: 759.115 sec
Scoring: roc_auc
Grid Search: 492.144 sec
Grid Search Results: {'grid_roc_auc_best_params': "{'penalty': 'l2', 'C': 0.01, 'max_iter': 50}", 'grid_roc_auc_mean': 0.52535460992907812, 'grid_roc_auc_std': 0.13835253057011707}
Got Scores: 4.037 sec
Scores mean: 0.53
Scores std: 0.169469761315
Scores: [ 0.6   0.76  0.44  0.4   0.25  0.8   0.5   0.7   0.4   0.45]

Line: 5/5
Data              UCLAsource
Weighters              origW
Normalizers            origN
Featurizers          nmf_250
Selectors      var_threshold
Scalers               minmax
Classifiers               LR
Name: 4, dtype: object
Got Features: 1189.214 sec
Scoring: roc_auc
Grid Search: 654.315 sec
Grid Search Results: {'grid_roc_auc_best_params': "{'penalty': 'l2', 'C': 0.01, 'max_iter': 50}", 'grid_roc_auc_mean': 0.63918439716312048, 'grid_roc_auc_std': 0.24279824883707085}
Got Scores: 3.782 sec
Scores mean: 0.588666666667
Scores std: 0.287325599277
Scores: [ 0.66666667  0.4         0.92        0.6         0.85        0.25        0.4
  0.9         0.85        0.05      ]

