Line: 1/3
Data              UCLAsource
Weighters              binar
Normalizers            origN
Featurizers            origF
Selectors      var_threshold
Scalers                origS
Classifiers              XGB
Name: 0, dtype: object
Got Features: 21.225 sec
Scoring: roc_auc
Grid Search: 172.448 sec
Grid Search Results: {'grid_roc_auc_best_params': "{'reg_alpha': 1, 'colsample_bytree': 0.1, 'learning_rate': 0.1, 'nthread': 1, 'n_estimators': 10, 'subsample': 1, 'reg_lambda': 1, 'max_depth': 3}", 'grid_roc_auc_mean': 0.64804964539007093, 'grid_roc_auc_std': 0.14443695981428833}
Got Scores: 2.074 sec
Scores mean: 0.534
Scores std: 0.104517941044
Scores: [ 0.7   0.52  0.52  0.45  0.5   0.55  0.45  0.35  0.6   0.7 ]

Line: 2/3
Data              UCLAsource
Weighters              binar
Normalizers            origN
Featurizers      low_rank_30
Selectors      var_threshold
Scalers                origS
Classifiers              XGB
Name: 1, dtype: object
Got Features: 3.043 sec
Scoring: roc_auc
Grid Search: 305.453 sec
Grid Search Results: {'grid_roc_auc_best_params': "{'reg_alpha': 1, 'colsample_bytree': 0.1, 'learning_rate': 0.1, 'nthread': 1, 'n_estimators': 100, 'subsample': 0.5, 'reg_lambda': 0, 'max_depth': 3}", 'grid_roc_auc_mean': 0.60851063829787233, 'grid_roc_auc_std': 0.2671000985637858}
Got Scores: 9.372 sec
Scores mean: 0.509
Scores std: 0.14152384958
Scores: [ 0.4   0.44  0.4   0.4   0.5   0.8   0.75  0.55  0.4   0.45]

Line: 3/3
Data                 UCLAsource
Weighters                 binar
Normalizers               origN
Featurizers    low_rank_30_curs
Selectors         var_threshold
Scalers                   origS
Classifiers                 XGB
Name: 2, dtype: object
Got Features: 3.116 sec
Scoring: roc_auc
Grid Search: 307.294 sec
Grid Search Results: {'grid_roc_auc_best_params': "{'reg_alpha': 1, 'colsample_bytree': 0.1, 'learning_rate': 0.1, 'nthread': 1, 'n_estimators': 100, 'subsample': 1, 'reg_lambda': 1, 'max_depth': 3}", 'grid_roc_auc_mean': 0.8014184397163121, 'grid_roc_auc_std': 0.12978568382595485}
Got Scores: 10.29 sec
Scores mean: 0.672333333333
Scores std: 0.129572373599
Scores: [ 0.63333333  0.6         0.64        0.75        0.5         0.65        0.75
  1.          0.6         0.6       ]

